<?xml version="1.0" encoding="UTF-8"?>
<!-- Generated by org.testng.reporters.JUnitReportReporter -->
<testsuite hostname="NTB-Alan" name="com.globant.bootcamp.tae.App" tests="1" failures="0" timestamp="2 Apr 2016 18:52:19 GMT" time="17.007" errors="0">
  <testcase name="exercise01" time="17.007" classname="com.globant.bootcamp.tae.App"/>
</testsuite> <!-- com.globant.bootcamp.tae.App -->
