<?xml version="1.0" encoding="UTF-8"?>
<!-- Generated by org.testng.reporters.JUnitReportReporter -->
<testsuite hostname="NTB-Alan" name="com.globant.bootcamp.tae.google" tests="1" failures="0" timestamp="10 Apr 2016 15:59:13 GMT" time="28.368" errors="0">
  <testcase name="Google" time="28.368" classname="com.globant.bootcamp.tae.google"/>
</testsuite> <!-- com.globant.bootcamp.tae.google -->
