<?xml version="1.0" encoding="UTF-8"?>
<!-- Generated by org.testng.reporters.JUnitReportReporter -->
<testsuite hostname="NTB-Alan" name="com.globant.bootcamp.tae.Ex1" tests="1" failures="0" timestamp="3 Apr 2016 06:01:35 GMT" time="9.670" errors="0">
  <testcase name="exercise01" time="9.670" classname="com.globant.bootcamp.tae.Ex1"/>
</testsuite> <!-- com.globant.bootcamp.tae.Ex1 -->
