<?xml version="1.0" encoding="UTF-8"?>
<!-- Generated by org.testng.reporters.JUnitReportReporter -->
<testsuite hostname="NTB-Alan" name="com.globant.bootcamp.tae.Entrega1.google" tests="1" failures="0" timestamp="13 Apr 2016 22:41:13 GMT" time="28.046" errors="0">
  <testcase name="Google" time="28.046" classname="com.globant.bootcamp.tae.Entrega1.google"/>
</testsuite> <!-- com.globant.bootcamp.tae.Entrega1.google -->
