<?xml version="1.0" encoding="UTF-8"?>
<!-- Generated by org.testng.reporters.JUnitReportReporter -->
<testsuite hostname="NTB-Alan" name="com.globant.bootcamp.tae.face" tests="1" failures="0" timestamp="3 Apr 2016 19:04:28 GMT" time="20.720" errors="0">
  <testcase name="exercise01" time="20.720" classname="com.globant.bootcamp.tae.face"/>
</testsuite> <!-- com.globant.bootcamp.tae.face -->
