<?xml version="1.0" encoding="UTF-8"?>
<!-- Generated by org.testng.reporters.JUnitReportReporter -->
<testsuite hostname="NTB-Alan" name="com.globant.bootcamp.tae.tn" tests="1" failures="0" timestamp="10 Apr 2016 18:05:32 GMT" time="26.712" errors="0">
  <testcase name="Google" time="26.712" classname="com.globant.bootcamp.tae.tn"/>
</testsuite> <!-- com.globant.bootcamp.tae.tn -->
